<?xml version="1.0" encoding="UTF-8"?>
<!-- Generated by org.testng.reporters.JUnitXMLReporter -->
<testsuite hostname="Computer" ignored="0" name="Default test" tests="6" failures="0" timestamp="2023-03-19T21:52:58 IST" time="31.703" errors="0">
  <testcase name="testPostUser" time="14.766" classname="api.test.DDTests"/>
  <testcase name="testPostUser" time="2.003" classname="api.test.DDTests"/>
  <testcase name="testPostUser" time="1.308" classname="api.test.DDTests"/>
  <testcase name="testDeleteUserByName" time="1.359" classname="api.test.DDTests"/>
  <testcase name="testDeleteUserByName" time="1.242" classname="api.test.DDTests"/>
  <testcase name="testDeleteUserByName" time="1.359" classname="api.test.DDTests"/>
</testsuite> <!-- Default test -->
