<?xml version="1.0" encoding="UTF-8"?>
<testng-results ignored="0" total="4" passed="4" failed="0" skipped="0">
  <reporter-output>
  </reporter-output>
  <suite started-at="2023-03-26T20:24:24 IST" name="PetSuite" finished-at="2023-03-26T20:25:20 IST" duration-ms="55756">
    <groups>
    </groups>
    <test started-at="2023-03-26T20:24:24 IST" name="PetTest" finished-at="2023-03-26T20:25:20 IST" duration-ms="55756">
      <class name="api.test.UserTests2">
        <test-method is-config="true" signature="setUpData()[pri:0, instance:api.test.UserTests2@66f1f5]" started-at="2023-03-26T20:24:28 IST" name="setUpData" finished-at="2023-03-26T20:24:42 IST" duration-ms="14184" status="PASS">
          <reporter-output>
          </reporter-output>
        </test-method> <!-- setUpData -->
        <test-method signature="testPostUser()[pri:1, instance:api.test.UserTests2@66f1f5]" started-at="2023-03-26T20:24:42 IST" name="testPostUser" finished-at="2023-03-26T20:25:13 IST" duration-ms="30623" status="PASS">
          <reporter-output>
          </reporter-output>
        </test-method> <!-- testPostUser -->
        <test-method signature="testGetUserByName()[pri:2, instance:api.test.UserTests2@66f1f5]" started-at="2023-03-26T20:25:13 IST" name="testGetUserByName" finished-at="2023-03-26T20:25:15 IST" duration-ms="1893" status="PASS">
          <reporter-output>
          </reporter-output>
        </test-method> <!-- testGetUserByName -->
        <test-method signature="testUpdateUserByName()[pri:3, instance:api.test.UserTests2@66f1f5]" started-at="2023-03-26T20:25:15 IST" name="testUpdateUserByName" finished-at="2023-03-26T20:25:18 IST" duration-ms="3341" status="PASS">
          <reporter-output>
          </reporter-output>
        </test-method> <!-- testUpdateUserByName -->
        <test-method signature="testDeleteUserByName()[pri:4, instance:api.test.UserTests2@66f1f5]" started-at="2023-03-26T20:25:18 IST" name="testDeleteUserByName" finished-at="2023-03-26T20:25:20 IST" duration-ms="1596" status="PASS">
          <reporter-output>
          </reporter-output>
        </test-method> <!-- testDeleteUserByName -->
      </class> <!-- api.test.UserTests2 -->
    </test> <!-- PetTest -->
  </suite> <!-- PetSuite -->
</testng-results>
