<?xml version="1.0" encoding="UTF-8"?>
<testsuite name="TestSuite" time="37.547" tests="4" errors="0" skipped="0" failures="0">
  <properties>
[...]
</properties>
  <testcase name="testPostUser" classname="api.test.UserTests2" time="30.713"/>
  <testcase name="testGetUserByName" classname="api.test.UserTests2" time="1.914"/>
  <testcase name="testUpdateUserByName" classname="api.test.UserTests2" time="3.324"/>
  <testcase name="testDeleteUserByName" classname="api.test.UserTests2" time="1.596"/>
</testsuite>