<?xml version="1.0" encoding="UTF-8"?>
<testng-results skipped="0" failed="0" ignored="0" total="4" passed="4">
  <reporter-output>
  </reporter-output>
  <suite name="PetSuite" duration-ms="24300" started-at="2023-03-20T22:19:27 IST" finished-at="2023-03-20T22:19:51 IST">
    <groups>
    </groups>
    <test name="PetTest" duration-ms="24300" started-at="2023-03-20T22:19:27 IST" finished-at="2023-03-20T22:19:51 IST">
      <class name="api.test.UserTests2">
        <test-method status="PASS" signature="setUpData()[pri:0, instance:api.test.UserTests2@1fe1d71]" name="setUpData" is-config="true" duration-ms="4230" started-at="2023-03-20T22:19:28 IST" finished-at="2023-03-20T22:19:32 IST">
          <reporter-output>
          </reporter-output>
        </test-method> <!-- setUpData -->
        <test-method status="PASS" signature="testPostUser()[pri:1, instance:api.test.UserTests2@1fe1d71]" name="testPostUser" duration-ms="11968" started-at="2023-03-20T22:19:32 IST" finished-at="2023-03-20T22:19:44 IST">
          <reporter-output>
          </reporter-output>
        </test-method> <!-- testPostUser -->
        <test-method status="PASS" signature="testGetUserByName()[pri:2, instance:api.test.UserTests2@1fe1d71]" name="testGetUserByName" duration-ms="2873" started-at="2023-03-20T22:19:44 IST" finished-at="2023-03-20T22:19:47 IST">
          <reporter-output>
          </reporter-output>
        </test-method> <!-- testGetUserByName -->
        <test-method status="PASS" signature="testUpdateUserByName()[pri:3, instance:api.test.UserTests2@1fe1d71]" name="testUpdateUserByName" duration-ms="2639" started-at="2023-03-20T22:19:47 IST" finished-at="2023-03-20T22:19:50 IST">
          <reporter-output>
          </reporter-output>
        </test-method> <!-- testUpdateUserByName -->
        <test-method status="PASS" signature="testDeleteUserByName()[pri:4, instance:api.test.UserTests2@1fe1d71]" name="testDeleteUserByName" duration-ms="1279" started-at="2023-03-20T22:19:50 IST" finished-at="2023-03-20T22:19:51 IST">
          <reporter-output>
          </reporter-output>
        </test-method> <!-- testDeleteUserByName -->
      </class> <!-- api.test.UserTests2 -->
    </test> <!-- PetTest -->
  </suite> <!-- PetSuite -->
</testng-results>
