<?xml version="1.0" encoding="UTF-8"?>
<!-- Generated by org.testng.reporters.JUnitXMLReporter -->
<testsuite ignored="0" hostname="Computer" failures="0" tests="4" name="PetTest" time="55.756" errors="0" timestamp="2023-03-26T20:25:20 IST">
  <testcase classname="api.test.UserTests2" name="testPostUser" time="30.623"/>
  <testcase classname="api.test.UserTests2" name="testGetUserByName" time="1.893"/>
  <testcase classname="api.test.UserTests2" name="testUpdateUserByName" time="3.341"/>
  <testcase classname="api.test.UserTests2" name="testDeleteUserByName" time="1.596"/>
</testsuite> <!-- PetTest -->
