<?xml version="1.0" encoding="UTF-8"?>
<!-- Generated by org.testng.reporters.JUnitXMLReporter -->
<testsuite hostname="Computer" ignored="0" name="PetTest" tests="4" failures="0" timestamp="2023-03-20T22:19:51 IST" time="24.3" errors="0">
  <testcase name="testPostUser" time="11.968" classname="api.test.UserTests2"/>
  <testcase name="testGetUserByName" time="2.873" classname="api.test.UserTests2"/>
  <testcase name="testUpdateUserByName" time="2.639" classname="api.test.UserTests2"/>
  <testcase name="testDeleteUserByName" time="1.279" classname="api.test.UserTests2"/>
</testsuite> <!-- PetTest -->
